<?xml version="1.0" encoding="UTF-8"?>
<testsuite name="BackTrackingTest" tests="1" skipped="0" failures="0" errors="0" timestamp="2019-11-15T23:45:50" hostname="Namita" time="0.007">
  <properties/>
  <testcase name="backTrackingTest" classname="BackTrackingTest" time="0.007"/>
  <system-out><![CDATA[]]></system-out>
  <system-err><![CDATA[]]></system-err>
</testsuite>
