<?xml version="1.0" encoding="UTF-8"?>
<testsuite name="HumanKindTest" tests="1" skipped="0" failures="0" errors="0" timestamp="2019-11-20T03:01:26" hostname="Namita" time="0.002">
  <properties/>
  <testcase name="humanKindTest" classname="HumanKindTest" time="0.002"/>
  <system-out><![CDATA[]]></system-out>
  <system-err><![CDATA[]]></system-err>
</testsuite>
