<?xml version="1.0" encoding="UTF-8"?>
<testsuite name="OnePossibleTest" tests="1" skipped="0" failures="0" errors="0" timestamp="2019-11-20T22:42:34" hostname="Namita" time="0.002">
  <properties/>
  <testcase name="onepossibleSolutionSolve" classname="OnePossibleTest" time="0.002"/>
  <system-out><![CDATA[]]></system-out>
  <system-err><![CDATA[]]></system-err>
</testsuite>
